# JRE version: Java(TM) SE Runtime Environment (17.0.2+8) (build 17.0.2+8-LTS-86)
# Java VM: Java HotSpot(TM) 64-Bit Server VM (17.0.2+8-LTS-86, mixed mode, sharing, tiered, compressed oops, compressed class ptrs, g1 gc, windows-amd64)
GC Precious Log:
 CPUs: 8 total, 8 available
 Memory: 32699M
 Large Page Support: Disabled
 NUMA Support: Disabled
 Compressed Oops: Enabled (Zero based)
 Heap Region Size: 4M
 Heap Min Capacity: 8M
 Heap Initial Capacity: 512M
 Heap Max Capacity: 8176M
 Pre-touch: Disabled
 Parallel Workers: 8
 Concurrent Workers: 2
 Concurrent Refinement Workers: 8
 Periodic GC: Disabled
Heap:
 garbage-first heap   total 81920K, used 45046K [0x0000000601000000, 0x0000000800000000)
  region size 4096K, 8 young (32768K), 1 survivors (4096K)
 Metaspace       used 34925K, committed 35328K, reserved 1081344K
  class space    used 4521K, committed 4736K, reserved 1048576K
GC Heap History (14 events):
Event: 0.769 GC heap before
{Heap before GC invocations=0 (full 0):
 garbage-first heap   total 524288K, used 24576K [0x0000000601000000, 0x0000000800000000)
  region size 4096K, 6 young (24576K), 0 survivors (0K)
 Metaspace       used 4273K, committed 4416K, reserved 1056768K
  class space    used 502K, committed 576K, reserved 1048576K
}
Event: 0.774 GC heap after
{Heap after GC invocations=1 (full 0):
 garbage-first heap   total 524288K, used 10311K [0x0000000601000000, 0x0000000800000000)
  region size 4096K, 1 young (4096K), 1 survivors (4096K)
 Metaspace       used 4273K, committed 4416K, reserved 1056768K
  class space    used 502K, committed 576K, reserved 1048576K
}
Event: 1.304 GC heap before
{Heap before GC invocations=1 (full 0):
 garbage-first heap   total 524288K, used 30791K [0x0000000601000000, 0x0000000800000000)
  region size 4096K, 6 young (24576K), 1 survivors (4096K)
 Metaspace       used 10072K, committed 10304K, reserved 1064960K
  class space    used 1139K, committed 1280K, reserved 1048576K
}
Event: 1.307 GC heap after
{Heap after GC invocations=2 (full 0):
 garbage-first heap   total 524288K, used 12092K [0x0000000601000000, 0x0000000800000000)
  region size 4096K, 1 young (4096K), 1 survivors (4096K)
 Metaspace       used 10072K, committed 10304K, reserved 1064960K
  class space    used 1139K, committed 1280K, reserved 1048576K
}
Event: 2.676 GC heap before
{Heap before GC invocations=2 (full 0):
 garbage-first heap   total 524288K, used 57148K [0x0000000601000000, 0x0000000800000000)
  region size 4096K, 12 young (49152K), 1 survivors (4096K)
 Metaspace       used 19824K, committed 20160K, reserved 1073152K
  class space    used 2476K, committed 2624K, reserved 1048576K
}
Event: 2.680 GC heap after
{Heap after GC invocations=3 (full 0):
 garbage-first heap   total 524288K, used 14862K [0x0000000601000000, 0x0000000800000000)
  region size 4096K, 2 young (8192K), 2 survivors (8192K)
 Metaspace       used 19824K, committed 20160K, reserved 1073152K
  class space    used 2476K, committed 2624K, reserved 1048576K
}
Event: 2.814 GC heap before
{Heap before GC invocations=3 (full 0):
 garbage-first heap   total 524288K, used 23054K [0x0000000601000000, 0x0000000800000000)
  region size 4096K, 5 young (20480K), 2 survivors (8192K)
 Metaspace       used 21298K, committed 21504K, reserved 1073152K
  class space    used 2699K, committed 2816K, reserved 1048576K
}
Event: 2.818 GC heap after
{Heap after GC invocations=4 (full 0):
 garbage-first heap   total 524288K, used 15600K [0x0000000601000000, 0x0000000800000000)
  region size 4096K, 2 young (8192K), 2 survivors (8192K)
 Metaspace       used 21298K, committed 21504K, reserved 1073152K
  class space    used 2699K, committed 2816K, reserved 1048576K
}
Event: 3.452 GC heap before
{Heap before GC invocations=5 (full 0):
 garbage-first heap   total 81920K, used 56560K [0x0000000601000000, 0x0000000800000000)
  region size 4096K, 12 young (49152K), 2 survivors (8192K)
 Metaspace       used 27705K, committed 28032K, reserved 1073152K
  class space    used 3560K, committed 3712K, reserved 1048576K
}
Event: 3.460 GC heap after
{Heap after GC invocations=6 (full 0):
 garbage-first heap   total 81920K, used 17497K [0x0000000601000000, 0x0000000800000000)
  region size 4096K, 2 young (8192K), 2 survivors (8192K)
 Metaspace       used 27705K, committed 28032K, reserved 1073152K
  class space    used 3560K, committed 3712K, reserved 1048576K
}
Event: 3.579 GC heap before
{Heap before GC invocations=6 (full 0):
 garbage-first heap   total 81920K, used 21593K [0x0000000601000000, 0x0000000800000000)
  region size 4096K, 3 young (12288K), 2 survivors (8192K)
 Metaspace       used 28180K, committed 28480K, reserved 1081344K
  class space    used 3629K, committed 3776K, reserved 1048576K
}
Event: 3.587 GC heap after
{Heap after GC invocations=7 (full 0):
 garbage-first heap   total 81920K, used 19031K [0x0000000601000000, 0x0000000800000000)
  region size 4096K, 1 young (4096K), 1 survivors (4096K)
 Metaspace       used 28180K, committed 28480K, reserved 1081344K
  class space    used 3629K, committed 3776K, reserved 1048576K
}
Event: 4.396 GC heap before
{Heap before GC invocations=7 (full 0):
 garbage-first heap   total 81920K, used 51799K [0x0000000601000000, 0x0000000800000000)
  region size 4096K, 9 young (36864K), 1 survivors (4096K)
 Metaspace       used 31536K, committed 31872K, reserved 1081344K
  class space    used 4061K, committed 4224K, reserved 1048576K
}
Event: 4.401 GC heap after
{Heap after GC invocations=8 (full 0):
 garbage-first heap   total 81920K, used 20470K [0x0000000601000000, 0x0000000800000000)
  region size 4096K, 1 young (4096K), 1 survivors (4096K)
 Metaspace       used 31536K, committed 31872K, reserved 1081344K
  class space    used 4061K, committed 4224K, reserved 1048576K
}

